# Logfile created on 2014-02-10 14:30:55 -0500 by logger.rb/44203
I, [2014-02-10T14:30:55.708727 #46840]  INFO -- : 0:  rake (0.9.2.2) from /Users/howaboutwe/.rvm/gems/ruby-2.1.0/specifications/rake-0.9.2.2.gemspec
I, [2014-02-10T14:30:55.709094 #46840]  INFO -- : 0:  i18n (0.6.0) from /Users/howaboutwe/.rvm/gems/ruby-2.1.0/specifications/i18n-0.6.0.gemspec
I, [2014-02-10T14:30:55.709417 #46840]  INFO -- : 0:  multi_json (1.3.6) from /Users/howaboutwe/.rvm/gems/ruby-2.1.0/specifications/multi_json-1.3.6.gemspec
I, [2014-02-10T14:30:55.709728 #46840]  INFO -- : 0:  activesupport (3.2.6) from /Users/howaboutwe/.rvm/gems/ruby-2.1.0/specifications/activesupport-3.2.6.gemspec
I, [2014-02-10T14:30:55.710030 #46840]  INFO -- : 0:  builder (3.0.0) from /Users/howaboutwe/.rvm/gems/ruby-2.1.0/specifications/builder-3.0.0.gemspec
I, [2014-02-10T14:30:55.710337 #46840]  INFO -- : 0:  activemodel (3.2.6) from /Users/howaboutwe/.rvm/gems/ruby-2.1.0/specifications/activemodel-3.2.6.gemspec
I, [2014-02-10T14:30:55.710608 #46840]  INFO -- : 0:  gyoku (0.4.6) from /Users/howaboutwe/.rvm/gems/ruby-2.1.0/specifications/gyoku-0.4.6.gemspec
I, [2014-02-10T14:31:02.324857 #46840]  INFO -- : 0:  nokogiri (1.5.5) from /Users/howaboutwe/.rvm/gems/ruby-2.1.0/specifications/nokogiri-1.5.5.gemspec
I, [2014-02-10T14:31:02.325376 #46840]  INFO -- : 0:  akami (1.2.0) from /Users/howaboutwe/.rvm/gems/ruby-2.1.0/specifications/akami-1.2.0.gemspec
I, [2014-02-10T14:31:02.325752 #46840]  INFO -- : 0:  diff-lcs (1.1.3) from /Users/howaboutwe/.rvm/gems/ruby-2.1.0/specifications/diff-lcs-1.1.3.gemspec
I, [2014-02-10T14:31:02.326070 #46840]  INFO -- : 0:  guid (0.1.1) from /Users/howaboutwe/.rvm/gems/ruby-2.1.0/specifications/guid-0.1.1.gemspec
I, [2014-02-10T14:31:04.175254 #46840]  INFO -- : 0:  rack (1.4.1) from /Users/howaboutwe/.rvm/gems/ruby-2.1.0/specifications/rack-1.4.1.gemspec
I, [2014-02-10T14:31:04.175700 #46840]  INFO -- : 0:  httpi (1.1.1) from /Users/howaboutwe/.rvm/gems/ruby-2.1.0/specifications/httpi-1.1.1.gemspec
I, [2014-02-10T14:31:04.176039 #46840]  INFO -- : 0:  nori (1.1.3) from /Users/howaboutwe/.rvm/gems/ruby-2.1.0/specifications/nori-1.1.3.gemspec
I, [2014-02-10T14:31:04.824811 #46840]  INFO -- : 0:  rspec-core (2.11.0) from /Users/howaboutwe/.rvm/gems/ruby-2.1.0/specifications/rspec-core-2.11.0.gemspec
I, [2014-02-10T14:31:05.706147 #46840]  INFO -- : 0:  rspec-expectations (2.11.1) from /Users/howaboutwe/.rvm/gems/ruby-2.1.0/specifications/rspec-expectations-2.11.1.gemspec
I, [2014-02-10T14:31:06.502347 #46840]  INFO -- : 0:  rspec-mocks (2.11.0) from /Users/howaboutwe/.rvm/gems/ruby-2.1.0/specifications/rspec-mocks-2.11.0.gemspec
I, [2014-02-10T14:31:06.502768 #46840]  INFO -- : 0:  rspec (2.11.0) from /Users/howaboutwe/.rvm/gems/ruby-2.1.0/specifications/rspec-2.11.0.gemspec
I, [2014-02-10T14:31:06.503049 #46840]  INFO -- : 0:  wasabi (2.5.1) from /Users/howaboutwe/.rvm/gems/ruby-2.1.0/specifications/wasabi-2.5.1.gemspec
I, [2014-02-10T14:31:06.503333 #46840]  INFO -- : 0:  savon (1.2.0) from /Users/howaboutwe/.rvm/gems/ruby-2.1.0/specifications/savon-1.2.0.gemspec
I, [2014-02-10T14:31:07.944949 #46840]  INFO -- : 0:  simple_gem (0.0.2) from /Users/howaboutwe/.rvm/gems/ruby-2.1.0/specifications/simple_gem-0.0.2.gemspec
I, [2014-02-10T14:31:07.945312 #46840]  INFO -- : 0:  bundler (1.5.1) from /Users/howaboutwe/.rvm/gems/ruby-2.1.0@global/specifications/bundler-1.5.1.gemspec
